[2024-12-02 08:40:15.570][INFO][25028] Engine 초기화 시작
[2024-12-02 08:40:15.826][INFO][25028] 디바이스 생성 성공
[2024-12-02 08:40:15.864][INFO][25028] 커맨드 큐 생성 성공
[2024-12-02 08:40:15.870][INFO][25028] 스왑체인 생성 성공
[2024-12-02 08:40:15.870][INFO][25028] RTV 디스크립터 힙 생성 성공
[2024-12-02 08:40:15.870][INFO][25028] RTV 생성 성공
[2024-12-02 08:40:15.871][INFO][25028] 상수 버퍼 생성 성공
[2024-12-02 08:40:15.871][INFO][25028] 라이트 상수 버퍼 생성 성공
[2024-12-02 08:40:15.933][INFO][25028] Engine 초기화 완료
[2024-12-02 08:43:59.248][INFO][4692] Engine 초기화 시작
[2024-12-02 08:43:59.469][INFO][4692] 디바이스 생성 성공
[2024-12-02 08:43:59.494][INFO][4692] 커맨드 큐 생성 성공
[2024-12-02 08:43:59.498][INFO][4692] 스왑체인 생성 성공
[2024-12-02 08:43:59.499][INFO][4692] RTV 디스크립터 힙 생성 성공
[2024-12-02 08:43:59.499][INFO][4692] RTV 생성 성공
[2024-12-02 08:43:59.499][INFO][4692] 상수 버퍼 생성 성공
[2024-12-02 08:43:59.499][INFO][4692] 라이트 상수 버퍼 생성 성공
[2024-12-02 08:43:59.569][INFO][4692] Engine 초기화 완료
[2024-12-06 07:43:33.326][INFO][29528] Engine 초기화 시작
[2024-12-06 07:43:33.552][INFO][29528] 디바이스 생성 성공
[2024-12-06 07:43:33.574][INFO][29528] 커맨드 큐 생성 성공
[2024-12-06 07:43:33.581][INFO][29528] 스왑체인 생성 성공
[2024-12-06 07:43:33.582][INFO][29528] RTV 디스크립터 힙 생성 성공
[2024-12-06 07:43:33.582][INFO][29528] RTV 생성 성공
[2024-12-06 07:43:33.582][INFO][29528] 상수 버퍼 생성 성공
[2024-12-06 07:43:33.582][INFO][29528] 라이트 상수 버퍼 생성 성공
[2024-12-06 07:43:33.706][INFO][29528] Engine 초기화 완료
